<?xml version="1.0" encoding="UTF-8"?>
<!-- Generated by org.testng.reporters.JUnitXMLReporter -->
<testsuite ignored="0" hostname="DESKTOP-DCAS66D" failures="0" tests="3" name="Default test" time="25.689" errors="0" timestamp="2024-12-24T21:38:12 IST">
  <testcase classname="seleniumConcepts.LocatorsDemo" name="incorrectLogIn" time="1.301"/>
  <testcase classname="seleniumConcepts.LocatorsDemo" name="resetPassword" time="1.285"/>
  <testcase classname="seleniumConcepts.LocatorsDemo" name="correctLogin" time="1.25"/>
</testsuite> <!-- Default test -->
